d:\lb tools\src\4.3 nix hack\universalhookx\obj\release x64\keyauthconfig.obj
d:\lb tools\src\4.3 nix hack\universalhookx\obj\release x64\utility.obj
d:\lb tools\src\4.3 nix hack\universalhookx\obj\release x64\config.obj
d:\lb tools\src\4.3 nix hack\universalhookx\obj\release x64\driver.obj
d:\lb tools\src\4.3 nix hack\universalhookx\obj\release x64\farsitype.obj
d:\lb tools\src\4.3 nix hack\universalhookx\obj\release x64\teammate.obj
d:\lb tools\src\4.3 nix hack\universalhookx\obj\release x64\font_awesome.obj
d:\lb tools\src\4.3 nix hack\universalhookx\obj\release x64\algorithm.obj
d:\lb tools\src\4.3 nix hack\universalhookx\obj\release x64\imgui_impl_opengl3.obj
d:\lb tools\src\4.3 nix hack\universalhookx\obj\release x64\imgui_widgets.obj
d:\lb tools\src\4.3 nix hack\universalhookx\obj\release x64\setting.obj
d:\lb tools\src\4.3 nix hack\universalhookx\obj\release x64\aimform.obj
d:\lb tools\src\4.3 nix hack\universalhookx\obj\release x64\imgui_tables.obj
d:\lb tools\src\4.3 nix hack\universalhookx\obj\release x64\menu.obj
d:\lb tools\src\4.3 nix hack\universalhookx\obj\release x64\utils.obj
d:\lb tools\src\4.3 nix hack\universalhookx\obj\release x64\litefont.obj
d:\lb tools\src\4.3 nix hack\universalhookx\obj\release x64\console.obj
d:\lb tools\src\4.3 nix hack\universalhookx\obj\release x64\imgui_draw.obj
d:\lb tools\src\4.3 nix hack\universalhookx\obj\release x64\imgui_impl_dx11.obj
d:\lb tools\src\4.3 nix hack\universalhookx\obj\release x64\dllmain.obj
d:\lb tools\src\4.3 nix hack\universalhookx\obj\release x64\mathv.obj
d:\lb tools\src\4.3 nix hack\universalhookx\obj\release x64\imgui_demo.obj
d:\lb tools\src\4.3 nix hack\universalhookx\obj\release x64\imgui_impl_dx10.obj
d:\lb tools\src\4.3 nix hack\universalhookx\obj\release x64\imgui_impl_win32.obj
d:\lb tools\src\4.3 nix hack\universalhookx\obj\release x64\radar.obj
d:\lb tools\src\4.3 nix hack\universalhookx\obj\release x64\radarvec.obj
d:\lb tools\src\4.3 nix hack\universalhookx\obj\release x64\vector.obj
d:\lb tools\src\4.3 nix hack\universalhookx\obj\release x64\imgui.obj
d:\lb tools\src\4.3 nix hack\universalhookx\obj\release x64\imgui_impl_dx9.obj
d:\lb tools\src\4.3 nix hack\universalhookx\obj\release x64\vc143.pdb
d:\lb tools\src\4.3 nix hack\universalhookx\obj\release x64\internal-dll.tlog\cl.10468.write.1.tlog
d:\lb tools\src\4.3 nix hack\universalhookx\obj\release x64\internal-dll.tlog\cl.command.1.tlog
d:\lb tools\src\4.3 nix hack\universalhookx\obj\release x64\internal-dll.tlog\cl.read.1.tlog
