d:\lb tools\src\4.3 nix hack\universalhookx\obj\release win32\vc143.pdb
d:\lb tools\src\4.3 nix hack\universalhookx\obj\release win32\imgui_impl_dx9.obj
d:\lb tools\src\4.3 nix hack\universalhookx\obj\release win32\imgui_impl_dx11.obj
d:\lb tools\src\4.3 nix hack\universalhookx\obj\release win32\imgui_impl_dx10.obj
d:\lb tools\src\4.3 nix hack\universalhookx\obj\release win32\imgui_draw.obj
d:\lb tools\src\4.3 nix hack\universalhookx\obj\release win32\imgui_demo.obj
d:\lb tools\src\4.3 nix hack\universalhookx\obj\release win32\imgui.obj
d:\lb tools\src\4.3 nix hack\universalhookx\obj\release win32\farsitype.obj
d:\lb tools\src\4.3 nix hack\universalhookx\obj\release win32\data.obj
d:\lb tools\src\4.3 nix hack\universalhookx\obj\release win32\console.obj
d:\lb tools\src\4.3 nix hack\universalhookx\obj\release win32\algorithm.obj
d:\lb tools\src\4.3 nix hack\universalhookx\obj\release win32\vector.obj
d:\lb tools\src\4.3 nix hack\universalhookx\obj\release win32\radarvec.obj
d:\lb tools\src\4.3 nix hack\universalhookx\obj\release win32\radar.obj
d:\lb tools\src\4.3 nix hack\universalhookx\obj\release win32\mathv.obj
d:\lb tools\src\4.3 nix hack\universalhookx\obj\release win32\keyauthconfig.obj
d:\lb tools\src\4.3 nix hack\universalhookx\obj\release win32\litefont.obj
d:\lb tools\src\4.3 nix hack\universalhookx\obj\release win32\font_awesome.obj
d:\lb tools\src\4.3 nix hack\universalhookx\obj\release win32\driver.obj
d:\lb tools\src\4.3 nix hack\universalhookx\obj\release win32\config.obj
d:\lb tools\src\4.3 nix hack\universalhookx\obj\release win32\aimform.obj
d:\lb tools\src\4.3 nix hack\universalhookx\obj\release win32\teammate.obj
d:\lb tools\src\4.3 nix hack\universalhookx\obj\release win32\utils.obj
d:\lb tools\src\4.3 nix hack\universalhookx\obj\release win32\utility.obj
d:\lb tools\src\4.3 nix hack\universalhookx\obj\release win32\setting.obj
d:\lb tools\src\4.3 nix hack\universalhookx\obj\release win32\menu.obj
d:\lb tools\src\4.3 nix hack\universalhookx\obj\release win32\hooks.obj
d:\lb tools\src\4.3 nix hack\universalhookx\obj\release win32\hook_directx11.obj
d:\lb tools\src\4.3 nix hack\universalhookx\obj\release win32\dllmain.obj
d:\lb tools\src\4.3 nix hack\universalhookx\obj\release win32\imgui_widgets.obj
d:\lb tools\src\4.3 nix hack\universalhookx\obj\release win32\imgui_tables.obj
d:\lb tools\src\4.3 nix hack\universalhookx\obj\release win32\imgui_impl_win32.obj
d:\lb tools\src\4.3 nix hack\universalhookx\obj\release win32\imgui_impl_opengl3.obj
d:\lb tools\src\4.3 nix hack\universalhookx\obj\release win32\imgui_impl_dx12.obj
d:\lb tools\src\4.3 nix hack\universalhookx\obj\release win32\trampoline.obj
d:\lb tools\src\4.3 nix hack\universalhookx\obj\release win32\hook.obj
d:\lb tools\src\4.3 nix hack\universalhookx\obj\release win32\hde64.obj
d:\lb tools\src\4.3 nix hack\universalhookx\obj\release win32\hde32.obj
d:\lb tools\src\4.3 nix hack\universalhookx\obj\release win32\buffer.obj
d:\lb tools\src\4.3 nix hack\universalhookx\bin\build.dll\client-release-x86.dll
d:\lb tools\src\4.3 nix hack\universalhookx\bin\build.dll\client-release-x86.pdb
d:\lb tools\src\4.3 nix hack\universalhookx\obj\release win32\internal-sgpu.res
d:\lb tools\src\4.3 nix hack\universalhookx\obj\release win32\internal-dll.tlog\cl.command.1.tlog
d:\lb tools\src\4.3 nix hack\universalhookx\obj\release win32\internal-dll.tlog\cl.items.tlog
d:\lb tools\src\4.3 nix hack\universalhookx\obj\release win32\internal-dll.tlog\cl.read.1.tlog
d:\lb tools\src\4.3 nix hack\universalhookx\obj\release win32\internal-dll.tlog\cl.write.1.tlog
d:\lb tools\src\4.3 nix hack\universalhookx\obj\release win32\internal-dll.tlog\link.command.1.tlog
d:\lb tools\src\4.3 nix hack\universalhookx\obj\release win32\internal-dll.tlog\link.read.1.tlog
d:\lb tools\src\4.3 nix hack\universalhookx\obj\release win32\internal-dll.tlog\link.secondary.1.tlog
d:\lb tools\src\4.3 nix hack\universalhookx\obj\release win32\internal-dll.tlog\link.write.1.tlog
d:\lb tools\src\4.3 nix hack\universalhookx\obj\release win32\internal-dll.tlog\rc.command.1.tlog
d:\lb tools\src\4.3 nix hack\universalhookx\obj\release win32\internal-dll.tlog\rc.read.1.tlog
d:\lb tools\src\4.3 nix hack\universalhookx\obj\release win32\internal-dll.tlog\rc.write.1.tlog
