  AimForm.cpp
  Config.cpp
  Driver.cpp
  font_awesome.cpp
  LiteFont.h
  KeyAuthConfig.cpp
  MathV.cpp
  Radar.cpp
  RadarVec.cpp
  Vector.cpp
  Algorithm.cpp
  console.cpp
  Data.cpp
C:\Program Files\Microsoft Visual Studio\18\Community\VC\Tools\MSVC\14.51.36231\include\xutility(5094,18): warning C4244: '=': conversion from 'wchar_t' to 'char', possible loss of data
  (compiling source file 'src/data/Data.cpp')
      C:\Program Files\Microsoft Visual Studio\18\Community\VC\Tools\MSVC\14.51.36231\include\xutility(5094,18):
      the template instantiation context (the oldest one first) is
          F:\JOKAR GAY MF\UniversalHookX\src\data\Data.cpp(231,26):
          see reference to function template instantiation 'std::basic_string<char,std::char_traits<char>,std::allocator<char>>::basic_string<std::_String_iterator<std::_String_val<std::_Simple_types<_Elem>>>,0>(_Iter,_Iter,const _Alloc &)' being compiled
          with
          [
              _Elem=wchar_t,
              _Iter=std::_String_iterator<std::_String_val<std::_Simple_types<wchar_t>>>,
              _Alloc=std::allocator<char>
          ]
              F:\JOKAR GAY MF\UniversalHookX\src\data\Data.cpp(231,26):
              see the first reference to 'std::basic_string<char,std::char_traits<char>,std::allocator<char>>::basic_string' in 'GetTempPathMobilePC'
          C:\Program Files\Microsoft Visual Studio\18\Community\VC\Tools\MSVC\14.51.36231\include\xstring(862,17):
          see reference to function template instantiation 'void std::basic_string<char,std::char_traits<char>,std::allocator<char>>::_Construct_from_iter<wchar_t*,wchar_t*,_Size_type>(_Iter,const _Sent,_Size)' being compiled
          with
          [
              _Size_type=unsigned int,
              _Iter=wchar_t *,
              _Sent=wchar_t *,
              _Size=unsigned int
          ]
          C:\Program Files\Microsoft Visual Studio\18\Community\VC\Tools\MSVC\14.51.36231\include\xstring(1018,18):
          see reference to function template instantiation '_OutIt *std::_Copy_n_unchecked4<wchar_t*,_Size,char*>(_InIt,_SizeTy,_OutIt)' being compiled
          with
          [
              _OutIt=char *,
              _Size=unsigned int,
              _InIt=wchar_t *,
              _SizeTy=unsigned int
          ]
  
  FarsiType.cpp
  imgui.cpp
  imgui_demo.cpp
  imgui_draw.cpp
  imgui_impl_dx10.cpp
  imgui_impl_dx11.cpp
  imgui_impl_dx9.cpp
  Generating Code...
  Compiling...
  imgui_impl_opengl3.cpp
  imgui_impl_win32.cpp
  imgui_tables.cpp
  imgui_widgets.cpp
  dllmain.cpp
  hook_directx11.cpp
  hooks.cpp
  menu.cpp
  Setting.cpp
  Utility.cpp
  utils.cpp
  Teammate.cpp
  Generating Code...
  imgui_impl_dx12.cpp
  buffer.c
  hde32.c
  hde64.c
  hook.c
  trampoline.c
  Generating Code...
  library_x86.lib(auth.obj) : MSIL .netmodule or module compiled with /GL found; restarting link with /LTCG; add /LTCG to the link command line to improve linker performance
  Generating code
F:\Source Code\OTHERS\TEST-LIB-x86\nlohmann\detail\iterators\iter_impl.hpp(304): warning C4715: 'nlohmann::detail::iter_impl<nlohmann::basic_json<std::map,std::vector,std::basic_string<char,std::char_traits<char>,std::allocator<char> >,bool,__int64,unsigned __int64,double,std::allocator,nlohmann::adl_serializer,std::vector<unsigned char,std::allocator<unsigned char> > > >::operator->': not all control paths return a value
F:\Source Code\OTHERS\TEST-LIB-x86\nlohmann\json.hpp(3691): warning C4715: 'nlohmann::basic_json<std::map,std::vector,std::basic_string<char,std::char_traits<char>,std::allocator<char> >,bool,__int64,unsigned __int64,double,std::allocator,nlohmann::adl_serializer,std::vector<unsigned char,std::allocator<unsigned char> > >::operator[]<char const >': not all control paths return a value
F:\Source Code\OTHERS\TEST-LIB-x86\nlohmann\json.hpp(3525): warning C4715: 'nlohmann::basic_json<std::map,std::vector,std::basic_string<char,std::char_traits<char>,std::allocator<char> >,bool,__int64,unsigned __int64,double,std::allocator,nlohmann::adl_serializer,std::vector<unsigned char,std::allocator<unsigned char> > >::operator[]': not all control paths return a value
  Finished generating code
library_x86.lib(auth.obj) : warning LNK4099: PDB 'library_x86.pdb' was not found with 'library_x86.lib(auth.obj)' or at 'F:\JOKAR GAY MF\UniversalHookX\bin\build\library_x86.pdb'; linking object as if no debug info
library_x86.lib(qr.png.obj) : warning LNK4099: PDB 'library_x86.pdb' was not found with 'library_x86.lib(qr.png.obj)' or at 'F:\JOKAR GAY MF\UniversalHookX\bin\build\library_x86.pdb'; linking object as if no debug info
library_x86.lib(utils.obj) : warning LNK4099: PDB 'library_x86.pdb' was not found with 'library_x86.lib(utils.obj)' or at 'F:\JOKAR GAY MF\UniversalHookX\bin\build\library_x86.pdb'; linking object as if no debug info
library_x86.lib(pingout.obj) : warning LNK4099: PDB 'library_x86.pdb' was not found with 'library_x86.lib(pingout.obj)' or at 'F:\JOKAR GAY MF\UniversalHookX\bin\build\library_x86.pdb'; linking object as if no debug info
library_x86.lib(qrcode.obj) : warning LNK4099: PDB 'library_x86.pdb' was not found with 'library_x86.lib(qrcode.obj)' or at 'F:\JOKAR GAY MF\UniversalHookX\bin\build\library_x86.pdb'; linking object as if no debug info
  UniversalHookX.vcxproj -> F:\JOKAR GAY MF\UniversalHookX\bin\build\module.dll
